<?xml version="1.0" encoding="UTF-8"?>
<!-- Generated by org.testng.reporters.JUnitReportReporter -->
<testsuite hostname="LAPTOP-IDB23VB0" failures="0" tests="1" name="testCases.TestClass" time="0.008" errors="0" timestamp="2022-10-20T15:49:53 IST" skipped="0">
  <testcase classname="testCases.TestClass" name="TestClass_1" time="0.008"/>
  <system-out/>
</testsuite> <!-- testCases.TestClass -->
