<?xml version="1.0" encoding="UTF-8"?>
<!-- Generated by org.testng.reporters.JUnitReportReporter -->
<testsuite hostname="LAPTOP-IDB23VB0" failures="0" tests="2" name="testNG.IndicesWithDataProvider" time="0.009" errors="0" timestamp="2023-03-29T16:19:56 IST" skipped="0">
  <testcase classname="testNG.IndicesWithDataProvider" name="DDT" time="0.008"/>
  <system-out/>
  <testcase classname="testNG.IndicesWithDataProvider" name="DDT" time="0.001"/>
  <system-out/>
</testsuite> <!-- testNG.IndicesWithDataProvider -->
