<?xml version="1.0" encoding="UTF-8"?>
<!-- Generated by org.testng.reporters.JUnitReportReporter -->
<testsuite hostname="LAPTOP-IDB23VB0" failures="0" tests="1" name="allseleniumprograms.PracticeTest2" time="0.011" errors="0" timestamp="2023-02-01T07:15:45 IST" skipped="0">
  <testcase classname="allseleniumprograms.PracticeTest2" name="Fail" time="0.011"/>
  <system-out/>
</testsuite> <!-- allseleniumprograms.PracticeTest2 -->
