<?xml version="1.0" encoding="UTF-8"?>
<!-- Generated by org.testng.reporters.JUnitReportReporter -->
<testsuite hostname="LAPTOP-IDB23VB0" failures="0" tests="4" name="testNG.Annonations2" time="0.002" errors="0" timestamp="2023-01-12T06:55:47 IST" skipped="0">
  <testcase classname="testNG.Annonations2" name="signup" time="0.001"/>
  <system-out/>
  <testcase classname="testNG.Annonations2" name="signup" time="0.000"/>
  <system-out/>
  <testcase classname="testNG.Annonations2" name="Login" time="0.000"/>
  <system-out/>
  <testcase classname="testNG.Annonations2" name="Login" time="0.001"/>
  <system-out/>
</testsuite> <!-- testNG.Annonations2 -->
