<?xml version="1.0" encoding="UTF-8"?>
<!-- Generated by org.testng.reporters.JUnitReportReporter -->
<testsuite hostname="LAPTOP-IDB23VB0" failures="0" tests="1" name="interviewPrograms.Class2" time="0.010" errors="0" timestamp="2022-11-28T17:57:29 IST" skipped="0">
  <testcase classname="interviewPrograms.Class2" name="TestMethod" time="0.010"/>
  <system-out/>
</testsuite> <!-- interviewPrograms.Class2 -->
