<?xml version="1.0" encoding="UTF-8"?>
<!-- Generated by org.testng.reporters.JUnitReportReporter -->
<testsuite hostname="LAPTOP-IDB23VB0" failures="0" tests="2" name="testNG.PracticeTest" time="0.007" errors="0" timestamp="2023-04-24T10:22:30 IST" skipped="0">
  <testcase classname="testNG.PracticeTest" name="Test___Indices" time="0.001"/>
  <system-out/>
  <testcase classname="testNG.PracticeTest" name="Test___Indices" time="0.006"/>
  <system-out/>
</testsuite> <!-- testNG.PracticeTest -->
