<?xml version="1.0" encoding="UTF-8"?>
<!-- Generated by org.testng.reporters.JUnitReportReporter -->
<testsuite hostname="LAPTOP-IDB23VB0" failures="0" tests="5" name="javaPrograms.Pclass" time="18.681" errors="0" timestamp="2022-10-31T09:13:35 IST" skipped="0">
  <testcase classname="javaPrograms.Pclass" name="loginTest" time="2.924"/>
  <system-out/>
  <testcase classname="javaPrograms.Pclass" name="loginTest" time="3.201"/>
  <system-out/>
  <testcase classname="javaPrograms.Pclass" name="loginTest" time="6.398"/>
  <system-out/>
  <testcase classname="javaPrograms.Pclass" name="loginTest" time="3.169"/>
  <system-out/>
  <testcase classname="javaPrograms.Pclass" name="loginTest" time="2.989"/>
  <system-out/>
</testsuite> <!-- javaPrograms.Pclass -->
