<?xml version="1.0" encoding="UTF-8"?>
<!-- Generated by org.testng.reporters.JUnitReportReporter -->
<testsuite hostname="LAPTOP-IDB23VB0" failures="0" tests="1" name="testNG.IGnoreTestCases" time="0.010" errors="0" timestamp="2023-03-24T18:36:01 IST" skipped="0">
  <testcase classname="testNG.IGnoreTestCases" name="Test" time="0.010"/>
  <system-out/>
</testsuite> <!-- testNG.IGnoreTestCases -->
