<?xml version="1.0" encoding="UTF-8"?>
<!-- Generated by org.testng.reporters.JUnitReportReporter -->
<testsuite hostname="LAPTOP-IDB23VB0" failures="0" tests="1" name="testCases.TC_EnterpriseEnquiry_001" time="0.000" errors="0" timestamp="2023-08-01T21:43:09 IST" skipped="1">
  <testcase classname="testCases.TC_EnterpriseEnquiry_001" name="Test_EnterprisesolnsForm" time="0.000">
    <skipped/>
  </testcase> <!-- Test_EnterprisesolnsForm -->
  <system-out/>
</testsuite> <!-- testCases.TC_EnterpriseEnquiry_001 -->
