<?xml version="1.0" encoding="UTF-8"?>
<!-- Generated by org.testng.reporters.JUnitReportReporter -->
<testsuite hostname="LAPTOP-IDB23VB0" failures="0" tests="1" name="allseleniumprograms.ClassABC" time="0.008" errors="0" timestamp="2022-10-15T15:36:23 IST" skipped="0">
  <testcase classname="allseleniumprograms.ClassABC" name="maintest" time="0.008"/>
  <system-out/>
</testsuite> <!-- allseleniumprograms.ClassABC -->
