<?xml version="1.0" encoding="UTF-8"?>
<!-- Generated by org.testng.reporters.JUnitReportReporter -->
<testsuite hostname="LAPTOP-IDB23VB0" failures="0" tests="1" name="javaPrograms.PracticeClass" time="0.007" errors="0" timestamp="2022-10-12T20:59:12 IST" skipped="0">
  <testcase classname="javaPrograms.PracticeClass" name="method1" time="0.007"/>
  <system-out/>
</testsuite> <!-- javaPrograms.PracticeClass -->
