<?xml version="1.0" encoding="UTF-8"?>
<!-- Generated by org.testng.reporters.JUnitReportReporter -->
<testsuite hostname="LAPTOP-IDB23VB0" failures="0" tests="1" name="interviewPrograms.TestingPractice1" time="0.007" errors="0" timestamp="2023-01-26T20:40:16 IST" skipped="0">
  <testcase classname="interviewPrograms.TestingPractice1" name="M1" time="0.007"/>
  <system-out/>
</testsuite> <!-- interviewPrograms.TestingPractice1 -->
