<?xml version="1.0" encoding="UTF-8"?>
<!-- Generated by org.testng.reporters.JUnitReportReporter -->
<testsuite hostname="LAPTOP-IDB23VB0" failures="0" tests="1" name="testNG.NewTest1" time="0.001" errors="0" timestamp="2023-02-01T14:02:09 IST" skipped="0">
  <testcase classname="testNG.NewTest1" name="TestVamsi" time="0.001"/>
  <system-out/>
</testsuite> <!-- testNG.NewTest1 -->
