<?xml version="1.0" encoding="UTF-8"?>
<!-- Generated by org.testng.reporters.JUnitReportReporter -->
<testsuite hostname="LAPTOP-IDB23VB0" failures="0" tests="1" name="allseleniumprograms.PracticeTest" time="0.008" errors="0" timestamp="2023-03-08T11:41:28 IST" skipped="0">
  <testcase classname="allseleniumprograms.PracticeTest" name="TestingSoftware" time="0.008"/>
  <system-out/>
</testsuite> <!-- allseleniumprograms.PracticeTest -->
