<?xml version="1.0" encoding="UTF-8"?>
<!-- Generated by org.testng.reporters.JUnitReportReporter -->
<testsuite hostname="LAPTOP-IDB23VB0" failures="0" tests="4" name="testNG.Annonations" time="0.005" errors="0" timestamp="2023-01-12T06:55:47 IST" skipped="0">
  <testcase classname="testNG.Annonations" name="TestNgMethod" time="0.003"/>
  <system-out/>
  <testcase classname="testNG.Annonations" name="TestNgMethod1" time="0.001"/>
  <system-out/>
  <testcase classname="testNG.Annonations" name="TestNgMethod1" time="0.000"/>
  <system-out/>
  <testcase classname="testNG.Annonations" name="TestNgMethod" time="0.001"/>
  <system-out/>
</testsuite> <!-- testNG.Annonations -->
