<?xml version="1.0" encoding="UTF-8"?>
<!-- Generated by org.testng.reporters.JUnitReportReporter -->
<testsuite hostname="LAPTOP-IDB23VB0" failures="0" tests="1" name="allseleniumprograms.TestNG" time="0.007" errors="0" timestamp="2023-01-05T11:10:23 IST" skipped="0">
  <testcase classname="allseleniumprograms.TestNG" name="m" time="0.007"/>
  <system-out/>
</testsuite> <!-- allseleniumprograms.TestNG -->
