<?xml version="1.0" encoding="UTF-8"?>
<!-- Generated by org.testng.reporters.JUnitReportReporter -->
<testsuite hostname="LAPTOP-IDB23VB0" failures="0" tests="1" name="testNG.TestAnnotation" time="0.000" errors="0" timestamp="2023-02-01T13:26:18 IST" skipped="0">
  <testcase classname="testNG.TestAnnotation" name="TestVamsi" time="0.000"/>
  <system-out/>
</testsuite> <!-- testNG.TestAnnotation -->
