<?xml version="1.0" encoding="UTF-8"?>
<!-- Generated by org.testng.reporters.JUnitReportReporter -->
<testsuite hostname="LAPTOP-IDB23VB0" failures="0" tests="2" name="testNG.NewTest" time="0.007" errors="0" timestamp="2023-02-01T14:02:09 IST" skipped="0">
  <testcase classname="testNG.NewTest" name="TestMethod" time="0.005"/>
  <system-out/>
  <testcase classname="testNG.NewTest" name="TestMethod1" time="0.002"/>
  <system-out/>
</testsuite> <!-- testNG.NewTest -->
