<?xml version="1.0" encoding="UTF-8"?>
<!-- Generated by org.testng.reporters.JUnitReportReporter -->
<testsuite hostname="LAPTOP-IDB23VB0" failures="0" tests="1" name="allseleniumprograms.NewTest" time="0.006" errors="0" timestamp="2023-02-01T11:22:39 IST" skipped="0">
  <testcase classname="allseleniumprograms.NewTest" name="TestMethod" time="0.006"/>
  <system-out/>
</testsuite> <!-- allseleniumprograms.NewTest -->
