<?xml version="1.0" encoding="UTF-8"?>
<!-- Generated by org.testng.reporters.JUnitReportReporter -->
<testsuite hostname="LAPTOP-IDB23VB0" failures="0" tests="20" name="testNG.InvocationCountWithDDT" time="0.024" errors="0" timestamp="2023-02-15T14:22:12 IST" skipped="0">
  <testcase classname="testNG.InvocationCountWithDDT" name="DataDriverTest" time="0.000"/>
  <system-out/>
  <testcase classname="testNG.InvocationCountWithDDT" name="DataDriverTest" time="0.001"/>
  <system-out/>
  <testcase classname="testNG.InvocationCountWithDDT" name="DataDriverTest" time="0.002"/>
  <system-out/>
  <testcase classname="testNG.InvocationCountWithDDT" name="DataDriverTest" time="0.001"/>
  <system-out/>
  <testcase classname="testNG.InvocationCountWithDDT" name="DataDriverTest" time="0.002"/>
  <system-out/>
  <testcase classname="testNG.InvocationCountWithDDT" name="DataDriverTest" time="0.001"/>
  <system-out/>
  <testcase classname="testNG.InvocationCountWithDDT" name="DataDriverTest" time="0.001"/>
  <system-out/>
  <testcase classname="testNG.InvocationCountWithDDT" name="DataDriverTest" time="0.000"/>
  <system-out/>
  <testcase classname="testNG.InvocationCountWithDDT" name="DataDriverTest" time="0.006"/>
  <system-out/>
  <testcase classname="testNG.InvocationCountWithDDT" name="DataDriverTest" time="0.001"/>
  <system-out/>
  <testcase classname="testNG.InvocationCountWithDDT" name="DataDriverTest" time="0.001"/>
  <system-out/>
  <testcase classname="testNG.InvocationCountWithDDT" name="DataDriverTest" time="0.001"/>
  <system-out/>
  <testcase classname="testNG.InvocationCountWithDDT" name="DataDriverTest" time="0.001"/>
  <system-out/>
  <testcase classname="testNG.InvocationCountWithDDT" name="DataDriverTest" time="0.002"/>
  <system-out/>
  <testcase classname="testNG.InvocationCountWithDDT" name="DataDriverTest" time="0.002"/>
  <system-out/>
  <testcase classname="testNG.InvocationCountWithDDT" name="DataDriverTest" time="0.001"/>
  <system-out/>
  <testcase classname="testNG.InvocationCountWithDDT" name="DataDriverTest" time="0.000"/>
  <system-out/>
  <testcase classname="testNG.InvocationCountWithDDT" name="DataDriverTest" time="0.000"/>
  <system-out/>
  <testcase classname="testNG.InvocationCountWithDDT" name="DataDriverTest" time="0.001"/>
  <system-out/>
  <testcase classname="testNG.InvocationCountWithDDT" name="DataDriverTest" time="0.000"/>
  <system-out/>
</testsuite> <!-- testNG.InvocationCountWithDDT -->
